{"/Users/marioskanellopoulos/Desktop/Docs & Tutorials/Redux/Source Code/redux-starter/src/math.js": {"path":"/Users/marioskanellopoulos/Desktop/Docs & Tutorials/Redux/Source Code/redux-starter/src/math.js","statementMap":{"0":{"start":{"line":1,"column":22},"end":{"line":1,"column":50}},"1":{"start":{"line":1,"column":34},"end":{"line":1,"column":50}}},"fnMap":{"0":{"name":"(anonymous_0)","decl":{"start":{"line":1,"column":22},"end":{"line":1,"column":23}},"loc":{"start":{"line":1,"column":34},"end":{"line":1,"column":50}},"line":1}},"branchMap":{},"s":{"0":1,"1":2},"f":{"0":2},"b":{},"_coverageSchema":"1a1c01bbd47fc00a2c39e90264f33305004495a9","hash":"9b69c83bbbd421a95fb49db2d1c642da49864d19"}
,"/Users/marioskanellopoulos/Desktop/Docs & Tutorials/Redux/Source Code/redux-starter/src/store/api.js": {"path":"/Users/marioskanellopoulos/Desktop/Docs & Tutorials/Redux/Source Code/redux-starter/src/store/api.js","statementMap":{"0":{"start":{"line":3,"column":28},"end":{"line":3,"column":57}},"1":{"start":{"line":4,"column":30},"end":{"line":4,"column":61}},"2":{"start":{"line":5,"column":29},"end":{"line":5,"column":59}}},"fnMap":{},"branchMap":{},"s":{"0":1,"1":1,"2":1},"f":{},"b":{},"_coverageSchema":"1a1c01bbd47fc00a2c39e90264f33305004495a9","hash":"a4f0b5c98b0ef391cc74ef5a9bcf1755aab13f2e"}
,"/Users/marioskanellopoulos/Desktop/Docs & Tutorials/Redux/Source Code/redux-starter/src/store/bugs.js": {"path":"/Users/marioskanellopoulos/Desktop/Docs & Tutorials/Redux/Source Code/redux-starter/src/store/bugs.js","statementMap":{"0":{"start":{"line":6,"column":14},"end":{"line":39,"column":2}},"1":{"start":{"line":15,"column":6},"end":{"line":15,"column":26}},"2":{"start":{"line":18,"column":6},"end":{"line":18,"column":33}},"3":{"start":{"line":19,"column":6},"end":{"line":19,"column":27}},"4":{"start":{"line":20,"column":6},"end":{"line":20,"column":34}},"5":{"start":{"line":23,"column":6},"end":{"line":23,"column":27}},"6":{"start":{"line":26,"column":36},"end":{"line":26,"column":50}},"7":{"start":{"line":27,"column":20},"end":{"line":27,"column":66}},"8":{"start":{"line":27,"column":49},"end":{"line":27,"column":65}},"9":{"start":{"line":28,"column":6},"end":{"line":28,"column":39}},"10":{"start":{"line":31,"column":6},"end":{"line":31,"column":37}},"11":{"start":{"line":35,"column":20},"end":{"line":35,"column":78}},"12":{"start":{"line":35,"column":49},"end":{"line":35,"column":77}},"13":{"start":{"line":36,"column":6},"end":{"line":36,"column":39}},"14":{"start":{"line":48,"column":4},"end":{"line":48,"column":17}},"15":{"start":{"line":52,"column":12},"end":{"line":52,"column":19}},"16":{"start":{"line":54,"column":24},"end":{"line":69,"column":1}},"17":{"start":{"line":54,"column":30},"end":{"line":69,"column":1}},"18":{"start":{"line":55,"column":24},"end":{"line":55,"column":48}},"19":{"start":{"line":57,"column":24},"end":{"line":57,"column":67}},"20":{"start":{"line":59,"column":2},"end":{"line":59,"column":33}},"21":{"start":{"line":59,"column":26},"end":{"line":59,"column":33}},"22":{"start":{"line":61,"column":2},"end":{"line":68,"column":4}},"23":{"start":{"line":71,"column":22},"end":{"line":77,"column":4}},"24":{"start":{"line":72,"column":2},"end":{"line":77,"column":4}},"25":{"start":{"line":79,"column":26},"end":{"line":85,"column":4}},"26":{"start":{"line":80,"column":2},"end":{"line":85,"column":4}},"27":{"start":{"line":87,"column":31},"end":{"line":93,"column":4}},"28":{"start":{"line":88,"column":2},"end":{"line":93,"column":4}},"29":{"start":{"line":95,"column":33},"end":{"line":99,"column":1}},"30":{"start":{"line":96,"column":13},"end":{"line":96,"column":32}},"31":{"start":{"line":97,"column":13},"end":{"line":97,"column":36}},"32":{"start":{"line":98,"column":22},"end":{"line":98,"column":62}},"33":{"start":{"line":98,"column":48},"end":{"line":98,"column":61}},"34":{"start":{"line":101,"column":29},"end":{"line":105,"column":3}},"35":{"start":{"line":102,"column":2},"end":{"line":105,"column":3}},"36":{"start":{"line":103,"column":15},"end":{"line":103,"column":34}},"37":{"start":{"line":104,"column":14},"end":{"line":104,"column":57}},"38":{"start":{"line":104,"column":35},"end":{"line":104,"column":56}}},"fnMap":{"0":{"name":"(anonymous_0)","decl":{"start":{"line":14,"column":19},"end":{"line":14,"column":20}},"loc":{"start":{"line":14,"column":37},"end":{"line":16,"column":5}},"line":14},"1":{"name":"(anonymous_1)","decl":{"start":{"line":17,"column":18},"end":{"line":17,"column":19}},"loc":{"start":{"line":17,"column":36},"end":{"line":21,"column":5}},"line":17},"2":{"name":"(anonymous_2)","decl":{"start":{"line":22,"column":25},"end":{"line":22,"column":26}},"loc":{"start":{"line":22,"column":43},"end":{"line":24,"column":5}},"line":22},"3":{"name":"(anonymous_3)","decl":{"start":{"line":25,"column":23},"end":{"line":25,"column":24}},"loc":{"start":{"line":25,"column":41},"end":{"line":29,"column":5}},"line":25},"4":{"name":"(anonymous_4)","decl":{"start":{"line":27,"column":40},"end":{"line":27,"column":41}},"loc":{"start":{"line":27,"column":49},"end":{"line":27,"column":65}},"line":27},"5":{"name":"(anonymous_5)","decl":{"start":{"line":30,"column":14},"end":{"line":30,"column":15}},"loc":{"start":{"line":30,"column":32},"end":{"line":32,"column":5}},"line":30},"6":{"name":"(anonymous_6)","decl":{"start":{"line":34,"column":17},"end":{"line":34,"column":18}},"loc":{"start":{"line":34,"column":35},"end":{"line":37,"column":5}},"line":34},"7":{"name":"(anonymous_7)","decl":{"start":{"line":35,"column":40},"end":{"line":35,"column":41}},"loc":{"start":{"line":35,"column":49},"end":{"line":35,"column":77}},"line":35},"8":{"name":"(anonymous_8)","decl":{"start":{"line":54,"column":24},"end":{"line":54,"column":25}},"loc":{"start":{"line":54,"column":30},"end":{"line":69,"column":1}},"line":54},"9":{"name":"(anonymous_9)","decl":{"start":{"line":54,"column":30},"end":{"line":54,"column":31}},"loc":{"start":{"line":54,"column":54},"end":{"line":69,"column":1}},"line":54},"10":{"name":"(anonymous_10)","decl":{"start":{"line":71,"column":22},"end":{"line":71,"column":23}},"loc":{"start":{"line":72,"column":2},"end":{"line":77,"column":4}},"line":72},"11":{"name":"(anonymous_11)","decl":{"start":{"line":79,"column":26},"end":{"line":79,"column":27}},"loc":{"start":{"line":80,"column":2},"end":{"line":85,"column":4}},"line":80},"12":{"name":"(anonymous_12)","decl":{"start":{"line":87,"column":31},"end":{"line":87,"column":32}},"loc":{"start":{"line":88,"column":2},"end":{"line":93,"column":4}},"line":88},"13":{"name":"(anonymous_13)","decl":{"start":{"line":96,"column":2},"end":{"line":96,"column":3}},"loc":{"start":{"line":96,"column":13},"end":{"line":96,"column":32}},"line":96},"14":{"name":"(anonymous_14)","decl":{"start":{"line":97,"column":2},"end":{"line":97,"column":3}},"loc":{"start":{"line":97,"column":13},"end":{"line":97,"column":36}},"line":97},"15":{"name":"(anonymous_15)","decl":{"start":{"line":98,"column":2},"end":{"line":98,"column":3}},"loc":{"start":{"line":98,"column":22},"end":{"line":98,"column":62}},"line":98},"16":{"name":"(anonymous_16)","decl":{"start":{"line":98,"column":39},"end":{"line":98,"column":40}},"loc":{"start":{"line":98,"column":48},"end":{"line":98,"column":61}},"line":98},"17":{"name":"(anonymous_17)","decl":{"start":{"line":101,"column":29},"end":{"line":101,"column":30}},"loc":{"start":{"line":102,"column":2},"end":{"line":105,"column":3}},"line":102},"18":{"name":"(anonymous_18)","decl":{"start":{"line":103,"column":4},"end":{"line":103,"column":5}},"loc":{"start":{"line":103,"column":15},"end":{"line":103,"column":34}},"line":103},"19":{"name":"(anonymous_19)","decl":{"start":{"line":104,"column":4},"end":{"line":104,"column":5}},"loc":{"start":{"line":104,"column":14},"end":{"line":104,"column":57}},"line":104},"20":{"name":"(anonymous_20)","decl":{"start":{"line":104,"column":26},"end":{"line":104,"column":27}},"loc":{"start":{"line":104,"column":35},"end":{"line":104,"column":56}},"line":104}},"branchMap":{"0":{"loc":{"start":{"line":59,"column":2},"end":{"line":59,"column":33}},"type":"if","locations":[{"start":{"line":59,"column":2},"end":{"line":59,"column":33}},{"start":{"line":59,"column":2},"end":{"line":59,"column":33}}],"line":59}},"s":{"0":1,"1":5,"2":4,"3":4,"4":4,"5":1,"6":0,"7":0,"8":0,"9":0,"10":3,"11":1,"12":1,"13":1,"14":1,"15":1,"16":1,"17":6,"18":6,"19":6,"20":6,"21":1,"22":5,"23":1,"24":4,"25":1,"26":2,"27":1,"28":0,"29":1,"30":1,"31":1,"32":1,"33":3,"34":1,"35":0,"36":0,"37":0,"38":0},"f":{"0":5,"1":4,"2":1,"3":0,"4":0,"5":3,"6":1,"7":1,"8":6,"9":6,"10":4,"11":2,"12":0,"13":1,"14":1,"15":1,"16":3,"17":0,"18":0,"19":0,"20":0},"b":{"0":[1,5]},"_coverageSchema":"1a1c01bbd47fc00a2c39e90264f33305004495a9","hash":"5a68177380dd1e5606fab2d24eb43b22cdf72ff0"}
,"/Users/marioskanellopoulos/Desktop/Docs & Tutorials/Redux/Source Code/redux-starter/src/store/configureStore.js": {"path":"/Users/marioskanellopoulos/Desktop/Docs & Tutorials/Redux/Source Code/redux-starter/src/store/configureStore.js","statementMap":{"0":{"start":{"line":9,"column":2},"end":{"line":17,"column":5}}},"fnMap":{"0":{"name":"(anonymous_0)","decl":{"start":{"line":8,"column":15},"end":{"line":8,"column":16}},"loc":{"start":{"line":8,"column":27},"end":{"line":18,"column":1}},"line":8}},"branchMap":{},"s":{"0":10},"f":{"0":10},"b":{},"_coverageSchema":"1a1c01bbd47fc00a2c39e90264f33305004495a9","hash":"f67b743d54e1fbda9521f8f5c809d1781a03a0fc"}
,"/Users/marioskanellopoulos/Desktop/Docs & Tutorials/Redux/Source Code/redux-starter/src/store/entities.js": {"path":"/Users/marioskanellopoulos/Desktop/Docs & Tutorials/Redux/Source Code/redux-starter/src/store/entities.js","statementMap":{},"fnMap":{},"branchMap":{},"s":{},"f":{},"b":{},"_coverageSchema":"1a1c01bbd47fc00a2c39e90264f33305004495a9","hash":"33649c3ef5176c160cfbc81d511c8510523f44ad"}
,"/Users/marioskanellopoulos/Desktop/Docs & Tutorials/Redux/Source Code/redux-starter/src/store/projects.js": {"path":"/Users/marioskanellopoulos/Desktop/Docs & Tutorials/Redux/Source Code/redux-starter/src/store/projects.js","statementMap":{"0":{"start":{"line":3,"column":13},"end":{"line":3,"column":14}},"1":{"start":{"line":5,"column":14},"end":{"line":16,"column":2}},"2":{"start":{"line":10,"column":6},"end":{"line":13,"column":9}},"3":{"start":{"line":18,"column":32},"end":{"line":18,"column":45}}},"fnMap":{"0":{"name":"(anonymous_0)","decl":{"start":{"line":9,"column":18},"end":{"line":9,"column":19}},"loc":{"start":{"line":9,"column":40},"end":{"line":14,"column":5}},"line":9}},"branchMap":{},"s":{"0":1,"1":1,"2":0,"3":1},"f":{"0":0},"b":{},"_coverageSchema":"1a1c01bbd47fc00a2c39e90264f33305004495a9","hash":"8e5e28484db59cd590683fd8daf11c6051b5b891"}
,"/Users/marioskanellopoulos/Desktop/Docs & Tutorials/Redux/Source Code/redux-starter/src/store/reducer.js": {"path":"/Users/marioskanellopoulos/Desktop/Docs & Tutorials/Redux/Source Code/redux-starter/src/store/reducer.js","statementMap":{},"fnMap":{},"branchMap":{},"s":{},"f":{},"b":{},"_coverageSchema":"1a1c01bbd47fc00a2c39e90264f33305004495a9","hash":"35ecfcec1256a514516e9745aac72498556535ae"}
,"/Users/marioskanellopoulos/Desktop/Docs & Tutorials/Redux/Source Code/redux-starter/src/store/users.js": {"path":"/Users/marioskanellopoulos/Desktop/Docs & Tutorials/Redux/Source Code/redux-starter/src/store/users.js","statementMap":{"0":{"start":{"line":3,"column":13},"end":{"line":3,"column":14}},"1":{"start":{"line":5,"column":14},"end":{"line":16,"column":2}},"2":{"start":{"line":10,"column":6},"end":{"line":13,"column":9}},"3":{"start":{"line":18,"column":29},"end":{"line":18,"column":42}}},"fnMap":{"0":{"name":"(anonymous_0)","decl":{"start":{"line":9,"column":15},"end":{"line":9,"column":16}},"loc":{"start":{"line":9,"column":34},"end":{"line":14,"column":5}},"line":9}},"branchMap":{},"s":{"0":1,"1":1,"2":0,"3":1},"f":{"0":0},"b":{},"_coverageSchema":"1a1c01bbd47fc00a2c39e90264f33305004495a9","hash":"d634b7b1c464520fd3a56161cc3e5de61fd80eb2"}
,"/Users/marioskanellopoulos/Desktop/Docs & Tutorials/Redux/Source Code/redux-starter/src/store/middleware/api.js": {"path":"/Users/marioskanellopoulos/Desktop/Docs & Tutorials/Redux/Source Code/redux-starter/src/store/middleware/api.js","statementMap":{"0":{"start":{"line":4,"column":12},"end":{"line":29,"column":1}},"1":{"start":{"line":4,"column":30},"end":{"line":29,"column":1}},"2":{"start":{"line":4,"column":40},"end":{"line":29,"column":1}},"3":{"start":{"line":5,"column":2},"end":{"line":5,"column":69}},"4":{"start":{"line":5,"column":49},"end":{"line":5,"column":69}},"5":{"start":{"line":7,"column":61},"end":{"line":7,"column":75}},"6":{"start":{"line":9,"column":2},"end":{"line":9,"column":43}},"7":{"start":{"line":9,"column":15},"end":{"line":9,"column":43}},"8":{"start":{"line":11,"column":2},"end":{"line":11,"column":15}},"9":{"start":{"line":12,"column":2},"end":{"line":28,"column":3}},"10":{"start":{"line":13,"column":21},"end":{"line":18,"column":6}},"11":{"start":{"line":20,"column":4},"end":{"line":20,"column":52}},"12":{"start":{"line":22,"column":4},"end":{"line":22,"column":73}},"13":{"start":{"line":22,"column":19},"end":{"line":22,"column":73}},"14":{"start":{"line":25,"column":4},"end":{"line":25,"column":51}},"15":{"start":{"line":27,"column":4},"end":{"line":27,"column":69}},"16":{"start":{"line":27,"column":17},"end":{"line":27,"column":69}}},"fnMap":{"0":{"name":"(anonymous_0)","decl":{"start":{"line":4,"column":12},"end":{"line":4,"column":13}},"loc":{"start":{"line":4,"column":30},"end":{"line":29,"column":1}},"line":4},"1":{"name":"(anonymous_1)","decl":{"start":{"line":4,"column":30},"end":{"line":4,"column":31}},"loc":{"start":{"line":4,"column":40},"end":{"line":29,"column":1}},"line":4},"2":{"name":"(anonymous_2)","decl":{"start":{"line":4,"column":40},"end":{"line":4,"column":41}},"loc":{"start":{"line":4,"column":58},"end":{"line":29,"column":1}},"line":4}},"branchMap":{"0":{"loc":{"start":{"line":5,"column":2},"end":{"line":5,"column":69}},"type":"if","locations":[{"start":{"line":5,"column":2},"end":{"line":5,"column":69}},{"start":{"line":5,"column":2},"end":{"line":5,"column":69}}],"line":5},"1":{"loc":{"start":{"line":9,"column":2},"end":{"line":9,"column":43}},"type":"if","locations":[{"start":{"line":9,"column":2},"end":{"line":9,"column":43}},{"start":{"line":9,"column":2},"end":{"line":9,"column":43}}],"line":9},"2":{"loc":{"start":{"line":22,"column":4},"end":{"line":22,"column":73}},"type":"if","locations":[{"start":{"line":22,"column":4},"end":{"line":22,"column":73}},{"start":{"line":22,"column":4},"end":{"line":22,"column":73}}],"line":22},"3":{"loc":{"start":{"line":27,"column":4},"end":{"line":27,"column":69}},"type":"if","locations":[{"start":{"line":27,"column":4},"end":{"line":27,"column":69}},{"start":{"line":27,"column":4},"end":{"line":27,"column":69}}],"line":27}},"s":{"0":1,"1":10,"2":10,"3":36,"4":25,"5":11,"6":11,"7":5,"8":11,"9":11,"10":11,"11":8,"12":8,"13":8,"14":3,"15":3,"16":1},"f":{"0":10,"1":10,"2":36},"b":{"0":[25,11],"1":[5,6],"2":[8,0],"3":[1,2]},"_coverageSchema":"1a1c01bbd47fc00a2c39e90264f33305004495a9","hash":"b2e437a57a5b9a570a232b0a5d42273505116193"}
,"/Users/marioskanellopoulos/Desktop/Docs & Tutorials/Redux/Source Code/redux-starter/src/store/middleware/logger.js": {"path":"/Users/marioskanellopoulos/Desktop/Docs & Tutorials/Redux/Source Code/redux-starter/src/store/middleware/logger.js","statementMap":{"0":{"start":{"line":1,"column":15},"end":{"line":4,"column":1}},"1":{"start":{"line":1,"column":26},"end":{"line":4,"column":1}},"2":{"start":{"line":1,"column":37},"end":{"line":4,"column":1}},"3":{"start":{"line":1,"column":47},"end":{"line":4,"column":1}},"4":{"start":{"line":2,"column":2},"end":{"line":2,"column":32}},"5":{"start":{"line":3,"column":2},"end":{"line":3,"column":22}}},"fnMap":{"0":{"name":"(anonymous_0)","decl":{"start":{"line":1,"column":15},"end":{"line":1,"column":16}},"loc":{"start":{"line":1,"column":26},"end":{"line":4,"column":1}},"line":1},"1":{"name":"(anonymous_1)","decl":{"start":{"line":1,"column":26},"end":{"line":1,"column":27}},"loc":{"start":{"line":1,"column":37},"end":{"line":4,"column":1}},"line":1},"2":{"name":"(anonymous_2)","decl":{"start":{"line":1,"column":37},"end":{"line":1,"column":38}},"loc":{"start":{"line":1,"column":47},"end":{"line":4,"column":1}},"line":1},"3":{"name":"(anonymous_3)","decl":{"start":{"line":1,"column":47},"end":{"line":1,"column":48}},"loc":{"start":{"line":1,"column":59},"end":{"line":4,"column":1}},"line":1}},"branchMap":{},"s":{"0":1,"1":0,"2":0,"3":0,"4":0,"5":0},"f":{"0":0,"1":0,"2":0,"3":0},"b":{},"_coverageSchema":"1a1c01bbd47fc00a2c39e90264f33305004495a9","hash":"685259e38aac02352348321e96c455fa4a341390"}
,"/Users/marioskanellopoulos/Desktop/Docs & Tutorials/Redux/Source Code/redux-starter/src/store/middleware/toast.js": {"path":"/Users/marioskanellopoulos/Desktop/Docs & Tutorials/Redux/Source Code/redux-starter/src/store/middleware/toast.js","statementMap":{"0":{"start":{"line":1,"column":14},"end":{"line":4,"column":1}},"1":{"start":{"line":1,"column":25},"end":{"line":4,"column":1}},"2":{"start":{"line":1,"column":35},"end":{"line":4,"column":1}},"3":{"start":{"line":2,"column":2},"end":{"line":3,"column":27}},"4":{"start":{"line":2,"column":31},"end":{"line":2,"column":79}},"5":{"start":{"line":3,"column":7},"end":{"line":3,"column":27}}},"fnMap":{"0":{"name":"(anonymous_0)","decl":{"start":{"line":1,"column":14},"end":{"line":1,"column":15}},"loc":{"start":{"line":1,"column":25},"end":{"line":4,"column":1}},"line":1},"1":{"name":"(anonymous_1)","decl":{"start":{"line":1,"column":25},"end":{"line":1,"column":26}},"loc":{"start":{"line":1,"column":35},"end":{"line":4,"column":1}},"line":1},"2":{"name":"(anonymous_2)","decl":{"start":{"line":1,"column":35},"end":{"line":1,"column":36}},"loc":{"start":{"line":1,"column":47},"end":{"line":4,"column":1}},"line":1}},"branchMap":{"0":{"loc":{"start":{"line":2,"column":2},"end":{"line":3,"column":27}},"type":"if","locations":[{"start":{"line":2,"column":2},"end":{"line":3,"column":27}},{"start":{"line":2,"column":2},"end":{"line":3,"column":27}}],"line":2}},"s":{"0":1,"1":10,"2":10,"3":36,"4":0,"5":36},"f":{"0":10,"1":10,"2":36},"b":{"0":[0,36]},"_coverageSchema":"1a1c01bbd47fc00a2c39e90264f33305004495a9","hash":"e6665bfdf03b68dfdac375674afdd591a0938249"}
}
